<?xml version="1.0" encoding="UTF-8"?>
<!-- Generated by org.testng.reporters.JUnitReportReporter -->
<testsuite skipped="0" hostname="LAPTOP-UOPT8SS9" name="demo.Multiplefunctiondemo" tests="15" failures="0" timestamp="01 Oct 2018 23:42:20 GMT" time="2.808" errors="0">
  <testcase name="VerifyText" time="0.285" classname="demo.Multiplefunctiondemo"/>
  <testcase name="VerifyText" time="0.030" classname="demo.Multiplefunctiondemo"/>
  <testcase name="VerifyText" time="0.077" classname="demo.Multiplefunctiondemo"/>
  <testcase name="Password" time="0.231" classname="demo.Multiplefunctiondemo"/>
  <testcase name="Password" time="0.016" classname="demo.Multiplefunctiondemo"/>
  <testcase name="Password" time="0.037" classname="demo.Multiplefunctiondemo"/>
  <testcase name="Serach" time="0.259" classname="demo.Multiplefunctiondemo"/>
  <testcase name="Serach" time="0.012" classname="demo.Multiplefunctiondemo"/>
  <testcase name="Serach" time="0.031" classname="demo.Multiplefunctiondemo"/>
  <testcase name="Signin" time="0.062" classname="demo.Multiplefunctiondemo"/>
  <testcase name="Signin" time="0.363" classname="demo.Multiplefunctiondemo"/>
  <testcase name="Signin" time="0.016" classname="demo.Multiplefunctiondemo"/>
  <testcase name="CheckPass" time="0.899" classname="demo.Multiplefunctiondemo"/>
  <testcase name="CheckPass" time="0.036" classname="demo.Multiplefunctiondemo"/>
  <testcase name="CheckPass" time="0.454" classname="demo.Multiplefunctiondemo"/>
</testsuite> <!-- demo.Multiplefunctiondemo -->
