<?xml version="1.0" encoding="UTF-8"?>
<!-- Generated by org.testng.reporters.JUnitReportReporter -->
<testsuite skipped="0" hostname="LAPTOP-UOPT8SS9" name="demo.VeryTitledemo" tests="1" failures="0" timestamp="01 Oct 2018 00:13:44 GMT" time="1.418" errors="0">
  <testcase name="verifytitle" time="1.418" classname="demo.VeryTitledemo"/>
</testsuite> <!-- demo.VeryTitledemo -->
