<?xml version="1.0" encoding="UTF-8"?>
<!-- Generated by org.testng.reporters.JUnitReportReporter -->
<testsuite skipped="0" hostname="LAPTOP-UOPT8SS9" name="demo.ScreenshotDemo" tests="1" failures="0" timestamp="03 Oct 2018 21:37:13 GMT" time="7.987" errors="0">
  <testcase name="ScreenshotDemo" time="7.987" classname="demo.ScreenshotDemo"/>
</testsuite> <!-- demo.ScreenshotDemo -->
