<?xml version="1.0" encoding="UTF-8"?>
<!-- Generated by org.testng.reporters.JUnitReportReporter -->
<testsuite skipped="0" hostname="LAPTOP-UOPT8SS9" name="demo.MultipleBrowserDemo" tests="1" failures="0" timestamp="01 Oct 2018 17:50:33 GMT" time="6.930" errors="0">
  <testcase name="CrossBrowser" time="6.930" classname="demo.MultipleBrowserDemo"/>
</testsuite> <!-- demo.MultipleBrowserDemo -->
